## PostgreSQL select 字段 顺序对优化器的影响例子   
      
### 作者      
digoal      
      
### 日期      
2020-06-25      
      
### 标签      
PostgreSQL , select , 顺序 , 优化    
      
----      
      
## 背景      
https://www.cybertec-postgresql.com/en/postgresql-speeding-up-analytics-and-windowing-functions/  
  
目前PG在某些语句中, 优化器无法最优化的执行, 例如多个窗口函数(有排序的情况), 在最后需要对结果排序时, 窗口的顺序对优化器是否采用多次排序有影响.  
  
  
```  
test=# CREATE TABLE data (id int);  
CREATE TABLE  
test=# INSERT INTO data SELECT * FROM generate_series(1, 5);  
INSERT 0 5  
```  
  
```  
test=# SELECT * FROM data;  
id  
----  
 1  
 2  
 3  
 4  
 5  
(5 rows)  
```  
  
```  
test=# SELECT *, array_agg(id) OVER (ORDER BY id) FROM data;  
 id | array_agg  
----+-------------  
 1  | {1}  
 2  | {1,2}  
 3  | {1,2,3}  
 4  | {1,2,3,4}  
 5  | {1,2,3,4,5}  
(5 rows)  
```  
  
```  
test=# SELECT *,  
        array_agg(id) OVER (ORDER BY id),  
        array_agg(id) OVER (ORDER BY id DESC)  
FROM    data;  
 id | array_agg   | array_agg  
----+-------------+-------------  
 5  | {1,2,3,4,5} | {5}  
 4  | {1,2,3,4}   | {5,4}  
 3  | {1,2,3}     | {5,4,3}  
 2  | {1,2}       | {5,4,3,2}  
 1  | {1}         | {5,4,3,2,1}  
(5 rows)  
```  
  
```  
test=# explain   
SELECT *,  
       array_agg(id) OVER (ORDER BY id),  
       array_agg(id) OVER (ORDER BY id DESC)  
FROM  data  
ORDER BY id;  
                               QUERY PLAN  
-----------------------------------------------------------------  
Sort (cost=557.60..563.97 rows=2550 width=68)  
 Sort Key: id  
 <- WindowAgg (cost=368.69..413.32 rows=2550 width=68)  
    <- Sort (cost=368.69..375.07 rows=2550 width=36)  
       Sort Key: id DESC  
       <- WindowAgg (cost=179.78..224.41 rows=2550 width=36)  
          <- Sort (cost=179.78..186.16 rows=2550 width=4)  
             Sort Key: id  
             <- Seq Scan on data (cost=0.00..35.50 rows=2550 width=4)  
(9 rows)  
```  
  
调整窗口查询的顺序后, 最后一个字段的顺序和最后数据排序一致, 那么可以避免最后对数据排序.  
  
```  
test=# explain   
SELECT *,  
       array_agg(id) OVER (ORDER BY id DESC),  
       array_agg(id) OVER (ORDER BY id)  
FROM   data  
ORDER BY id;  
                               QUERY PLAN  
-------------------------------------------------------------------  
 WindowAgg (cost=368.69..413.32 rows=2550 width=68)  
  <- Sort (cost=368.69..375.07 rows=2550 width=36)  
    Sort Key: id  
    <- WindowAgg (cost=179.78..224.41 rows=2550 width=36)  
       <- Sort (cost=179.78..186.16 rows=2550 width=4)  
          Sort Key: id DESC  
          <- Seq Scan on data (cost=0.00..35.50 rows=2550 width=4)  
(7 rows)  
```  
  
  
At this point PostgreSQL is not able (yet?) to make those adjustments for you so some manual improvements will definitely help. Try to adjust your windowing functions in a way that columns needing identical sorting are actually next to each other.  
  
  
    
  
  
  
  
  
  
  
  
  
  
  
  
  
  
  
  
  
  
  
  
  
  
  
  
  
#### [9.9元购买3个月阿里云RDS PostgreSQL实例](https://www.aliyun.com/database/postgresqlactivity "57258f76c37864c6e6d23383d05714ea")
  
  
#### [PostgreSQL 解决方案集合](https://yq.aliyun.com/topic/118 "40cff096e9ed7122c512b35d8561d9c8")
- [1 任意维度实时圈人](https://yq.aliyun.com/topic/118 "40cff096e9ed7122c512b35d8561d9c8")
- [2 时序数据实时处理](https://yq.aliyun.com/topic/118 "40cff096e9ed7122c512b35d8561d9c8")
- [3 时间、空间、业务 多维数据实时透视](https://yq.aliyun.com/topic/118 "40cff096e9ed7122c512b35d8561d9c8")
- [4 独立事件相关性分析](https://yq.aliyun.com/topic/118 "40cff096e9ed7122c512b35d8561d9c8")
- [5 海量关系实时图式搜索](https://yq.aliyun.com/topic/118 "40cff096e9ed7122c512b35d8561d9c8")
- [6 社交业务案例](https://yq.aliyun.com/topic/118 "40cff096e9ed7122c512b35d8561d9c8")
- [7 流式数据实时处理案例](https://yq.aliyun.com/topic/118 "40cff096e9ed7122c512b35d8561d9c8")
- [8 IoT 物联网, 时序](https://yq.aliyun.com/topic/118 "40cff096e9ed7122c512b35d8561d9c8")
- [9 全文检索](https://yq.aliyun.com/topic/118 "40cff096e9ed7122c512b35d8561d9c8")
- [10 模糊、正则 查询案例](https://yq.aliyun.com/topic/118 "40cff096e9ed7122c512b35d8561d9c8")
- [11 图像识别](https://yq.aliyun.com/topic/118 "40cff096e9ed7122c512b35d8561d9c8")
- [12 向量相似检索](https://yq.aliyun.com/topic/118 "40cff096e9ed7122c512b35d8561d9c8")
- [13 数据清洗、采样、脱敏、批处理、合并](https://yq.aliyun.com/topic/118 "40cff096e9ed7122c512b35d8561d9c8")
- [14 GIS 地理信息空间数据应用](https://yq.aliyun.com/topic/118 "40cff096e9ed7122c512b35d8561d9c8")
- [15 金融业务](https://yq.aliyun.com/topic/118 "40cff096e9ed7122c512b35d8561d9c8")
- [16 异步消息应用案例](https://yq.aliyun.com/topic/118 "40cff096e9ed7122c512b35d8561d9c8")
- [17 海量数据 冷热分离](https://yq.aliyun.com/topic/118 "40cff096e9ed7122c512b35d8561d9c8")
- [18 倒排索引案例](https://yq.aliyun.com/topic/118 "40cff096e9ed7122c512b35d8561d9c8")
- [19 海量数据OLAP处理应用](https://yq.aliyun.com/topic/118 "40cff096e9ed7122c512b35d8561d9c8")
  
  
#### [德哥 / digoal's 趣味入口 - 努力成为灯塔, 公益是一辈子的事.](https://github.com/digoal/blog/blob/master/README.md "22709685feb7cab07d30f30387f0a9ae")
  
  
![德哥的微信 / digoal's wechat](../pic/digoal_weixin.jpg "f7ad92eeba24523fd47a6e1a0e691b59")
  
  
#### [PostgreSQL 解决方案集合](https://yq.aliyun.com/topic/118 "40cff096e9ed7122c512b35d8561d9c8")
- [1 任意维度实时圈人](https://yq.aliyun.com/topic/118 "40cff096e9ed7122c512b35d8561d9c8")
- [2 时序数据实时处理](https://yq.aliyun.com/topic/118 "40cff096e9ed7122c512b35d8561d9c8")
- [3 时间、空间、业务 多维数据实时透视](https://yq.aliyun.com/topic/118 "40cff096e9ed7122c512b35d8561d9c8")
- [4 独立事件相关性分析](https://yq.aliyun.com/topic/118 "40cff096e9ed7122c512b35d8561d9c8")
- [5 海量关系实时图式搜索](https://yq.aliyun.com/topic/118 "40cff096e9ed7122c512b35d8561d9c8")
- [6 社交业务案例](https://yq.aliyun.com/topic/118 "40cff096e9ed7122c512b35d8561d9c8")
- [7 流式数据实时处理案例](https://yq.aliyun.com/topic/118 "40cff096e9ed7122c512b35d8561d9c8")
- [8 IoT 物联网, 时序](https://yq.aliyun.com/topic/118 "40cff096e9ed7122c512b35d8561d9c8")
- [9 全文检索](https://yq.aliyun.com/topic/118 "40cff096e9ed7122c512b35d8561d9c8")
- [10 模糊、正则 查询案例](https://yq.aliyun.com/topic/118 "40cff096e9ed7122c512b35d8561d9c8")
- [11 图像识别](https://yq.aliyun.com/topic/118 "40cff096e9ed7122c512b35d8561d9c8")
- [12 向量相似检索](https://yq.aliyun.com/topic/118 "40cff096e9ed7122c512b35d8561d9c8")
- [13 数据清洗、采样、脱敏、批处理、合并](https://yq.aliyun.com/topic/118 "40cff096e9ed7122c512b35d8561d9c8")
- [14 GIS 地理信息空间数据应用](https://yq.aliyun.com/topic/118 "40cff096e9ed7122c512b35d8561d9c8")
- [15 金融业务](https://yq.aliyun.com/topic/118 "40cff096e9ed7122c512b35d8561d9c8")
- [16 异步消息应用案例](https://yq.aliyun.com/topic/118 "40cff096e9ed7122c512b35d8561d9c8")
- [17 海量数据 冷热分离](https://yq.aliyun.com/topic/118 "40cff096e9ed7122c512b35d8561d9c8")
- [18 倒排索引案例](https://yq.aliyun.com/topic/118 "40cff096e9ed7122c512b35d8561d9c8")
- [19 海量数据OLAP处理应用](https://yq.aliyun.com/topic/118 "40cff096e9ed7122c512b35d8561d9c8")
  
