## PostgreSQL Oracle 兼容性 - order by INT(select位置 position)  
                                 
### 作者                
digoal                
                
### 日期                 
2017-10-13                
                  
### 标签                
PostgreSQL , order by , 排序 , 字段 , 表达式 , 位置    
                            
----                            
                             
## 背景   
在一些Oracle的用户中，会问到是否支持order by INT这样的查询语法。它是什么意思呢？实际上就是按查询子句的第几个表达式进行排序。  
  
https://docs.oracle.com/cd/B19306_01/server.102/b14200/statements_10002.htm  
  
```  
ORDER [ SIBLINGS ] BY  
{ expr | position | c_alias }  
[ ASC | DESC ]  
[ NULLS FIRST | NULLS LAST ]  
  [, { expr | position | c_alias }  
     [ ASC | DESC ]  
     [ NULLS FIRST | NULLS LAST ]  
  ]...  
```  
  
按 表达式、列别名、select位置排序。  
  
PostgreSQL也支持这种语法。  
  
## PostgreSQL order by支持  
PostgreSQL 天然支持 order by [字段、表达式、位置]。  
  
```  
    [ ORDER BY expression [ ASC | DESC | USING operator ] [ NULLS { FIRST | LAST } ] [, ...] ]  
  
Each expression can be the name or ordinal number of an output column (SELECT list item), or it can be an arbitrary expression formed from input-column values.  
```  
  
例子  
  
1、按别名排序  
  
```  
postgres=# explain select relpages as ooo,* from pg_class order by ooo;  
                            QUERY PLAN                               
-------------------------------------------------------------------  
 Sort  (cost=71.81..73.32 rows=602 width=737)  
   Sort Key: relpages  
   ->  Seq Scan on pg_class  (cost=0.00..44.02 rows=602 width=737)  
(3 rows)  
```  
  
2、按SELECT中的位置排序  
  
```  
postgres=# explain select relpages,reltuples,relname from pg_class order by 2 limit 1;  
                               QUERY PLAN                                 
------------------------------------------------------------------------  
 Limit  (cost=47.03..47.03 rows=1 width=72)  
   ->  Sort  (cost=47.03..48.54 rows=602 width=72)  
         Sort Key: reltuples  
         ->  Seq Scan on pg_class  (cost=0.00..44.02 rows=602 width=72)  
(4 rows)  
```  
  
3、按表达式排序  
  
```  
postgres=# explain select relpages,reltuples,relname from pg_class order by reltuples+relpages limit 1;  
                               QUERY PLAN                                 
------------------------------------------------------------------------  
 Limit  (cost=50.04..50.04 rows=1 width=80)  
   ->  Sort  (cost=50.04..51.55 rows=602 width=80)  
         Sort Key: ((reltuples + (relpages)::double precision))  
         ->  Seq Scan on pg_class  (cost=0.00..47.03 rows=602 width=80)  
(4 rows)  
```  
  
## 参考  
https://www.postgresql.org/docs/10/static/sql-select.html  
  
https://www.postgresql.org/docs/10/static/sql-expressions.html#sql-syntax-collate-exprs  
  
  
  
  
  
  
  
  
  
  
  
  
  
  
  
  
  
  
  
  
  
  
  
  
  
  
  
  
  
  
  
  
  
  
  
  
  
  
  
  
  
  
  
  
  
  
  
  
  
  
  
  
  
  
  
  
  
  
#### [9.9元购买3个月阿里云RDS PostgreSQL实例](https://www.aliyun.com/database/postgresqlactivity "57258f76c37864c6e6d23383d05714ea")
  
  
#### [PostgreSQL 解决方案集合](https://yq.aliyun.com/topic/118 "40cff096e9ed7122c512b35d8561d9c8")
- [1 任意维度实时圈人](https://yq.aliyun.com/topic/118 "40cff096e9ed7122c512b35d8561d9c8")
- [2 时序数据实时处理](https://yq.aliyun.com/topic/118 "40cff096e9ed7122c512b35d8561d9c8")
- [3 时间、空间、业务 多维数据实时透视](https://yq.aliyun.com/topic/118 "40cff096e9ed7122c512b35d8561d9c8")
- [4 独立事件相关性分析](https://yq.aliyun.com/topic/118 "40cff096e9ed7122c512b35d8561d9c8")
- [5 海量关系实时图式搜索](https://yq.aliyun.com/topic/118 "40cff096e9ed7122c512b35d8561d9c8")
- [6 社交业务案例](https://yq.aliyun.com/topic/118 "40cff096e9ed7122c512b35d8561d9c8")
- [7 流式数据实时处理案例](https://yq.aliyun.com/topic/118 "40cff096e9ed7122c512b35d8561d9c8")
- [8 IoT 物联网, 时序](https://yq.aliyun.com/topic/118 "40cff096e9ed7122c512b35d8561d9c8")
- [9 全文检索](https://yq.aliyun.com/topic/118 "40cff096e9ed7122c512b35d8561d9c8")
- [10 模糊、正则 查询案例](https://yq.aliyun.com/topic/118 "40cff096e9ed7122c512b35d8561d9c8")
- [11 图像识别](https://yq.aliyun.com/topic/118 "40cff096e9ed7122c512b35d8561d9c8")
- [12 向量相似检索](https://yq.aliyun.com/topic/118 "40cff096e9ed7122c512b35d8561d9c8")
- [13 数据清洗、采样、脱敏、批处理、合并](https://yq.aliyun.com/topic/118 "40cff096e9ed7122c512b35d8561d9c8")
- [14 GIS 地理信息空间数据应用](https://yq.aliyun.com/topic/118 "40cff096e9ed7122c512b35d8561d9c8")
- [15 金融业务](https://yq.aliyun.com/topic/118 "40cff096e9ed7122c512b35d8561d9c8")
- [16 异步消息应用案例](https://yq.aliyun.com/topic/118 "40cff096e9ed7122c512b35d8561d9c8")
- [17 海量数据 冷热分离](https://yq.aliyun.com/topic/118 "40cff096e9ed7122c512b35d8561d9c8")
- [18 倒排索引案例](https://yq.aliyun.com/topic/118 "40cff096e9ed7122c512b35d8561d9c8")
- [19 海量数据OLAP处理应用](https://yq.aliyun.com/topic/118 "40cff096e9ed7122c512b35d8561d9c8")
  
  
#### [德哥 / digoal's 趣味入口 - 努力成为灯塔, 公益是一辈子的事.](https://github.com/digoal/blog/blob/master/README.md "22709685feb7cab07d30f30387f0a9ae")
  
  
![德哥的微信 / digoal's wechat](../pic/digoal_weixin.jpg "f7ad92eeba24523fd47a6e1a0e691b59")
  
